19 216 116 8 210 137 150 156 27 73 76 25 201 16 78 154 47 135 211 165
12 167 103 133 220 227 38 89 238 55 71 69 77
11 0 33 294 198 96 172 14 236 120 186 278
21 180 184 4 24 13 225 57 224 230 128 146 254 26 177 48 291 20 152 288 279 208
11 65 110 7 286 62 56 125 188 204 68 11
21 296 54 134 276 193 107 263 53 282 222 82 111 191 35 196 141 206 262 94 257 175
14 168 213 281 40 185 209 138 264 289 280 17 37 173 132
13 34 88 203 95 218 18 253 197 93 118 98 223 67
15 108 75 246 171 129 91 244 271 170 181 31 115 59 297 229
12 85 159 105 122 207 195 269 10 112 242 145 46
14 275 136 290 187 200 245 32 239 243 199 12 142 30 143
19 87 148 260 144 63 277 102 157 86 109 114 283 81 219 252 194 84 169 2
21 41 212 299 58 15 19 166 214 64 268 237 147 90 248 266 182 43 126 233 270 49
17 164 162 127 74 44 21 202 158 160 23 101 287 215 256 231 293 52
23 249 80 259 92 285 60 79 232 174 284 3 61 22 6 119 139 265 176 240 178 9 274 183
21 99 72 161 273 261 113 29 241 121 50 258 42 70 5 205 292 155 192 100 251 272
14 267 226 39 28 217 295 163 140 131 45 250 228 1 247
8 298 83 106 104 123 153 149 130
10 117 190 235 124 255 51 66 97 189 151
0
0
0
0
0
0
0
0
0
0
0
0
0
0
0
0
0
0
0
0
0
0
0
0
0
0
0
0
0
0
0
0
0
0
0
0
0
0
0
0
0
0
0
0
0
0
0
0
0
0
0
0
0
0
0
0
0
0
0
0
0
0
0
0
0
0
0
0
0
0
0
0
0
0
0
0
0
0
0
0
0
