18 84 88 187 474 2695 6272 6871 3784 9896 3505 4343 4357 4009 4075 4251 9661 7591 7667
13 568 677 719 7171 3205 3754 1532 8446 484 8400 7419 8162 4793
14 1066 1178 9636 5888 9557 4664 7829 8820 3211 9240 9113 8264 2269 1185
13 1209 1315 1543 1560 9011 2731 6969 9684 6422 6744 5168 964 9515
16 1335 1515 1757 2432 2519 4525 8640 9752 2247 8785 2817 4871 2229 4067 1926 7773
20 1992 2135 2356 2571 4008 4078 9619 4869 6261 1474 2320 6999 7006 2438 4378 3628 7302 9365 2638 480
8 2920 2949 3253 3629 3696 344 7517 2488
13 3580 3869 6783 7463 7928 7956 9313 1105 5484 4632 3484 5068 1426
10 4094 4309 5299 6031 714 5389 5233 534 651 8147
17 4377 5335 6002 6403 657 9981 4195 516 2568 7339 2417 2037 6926 3707 6432 6214 526
7 4435 5868 7013 1361 6626 9404 6099
15 5018 5440 5970 6412 6466 6670 6689 2261 7425 1709 1781 2087 6791 1400 3733
13 5137 5282 6922 4482 629 6279 7873 5700 387 8928 4453 7972 9600
8 6252 285 2933 8390 2545 5109 7851 1704
9 7109 8953 6925 3751 1850 2995 7725 5035 9326
14 7270 3779 1755 1365 2900 3345 1846 9900 4775 8067 4950 5492 6690 3899
16 7399 7475 7965 8175 8310 9847 1655 6503 9018 458 3694 8819 4916 592 2144 7450
16 8292 9393 9707 2465 7657 4090 4494 6263 8477 2754 9232 584 8598 8460 6176 5059
9 8773 3269 3767 3511 5349 2294 5633 3517 1242
16 9256 7117 730 1997 7444 7164 2154 2923 517 4660 2396 333 5490 2499 548 2815
9 9976 4379 3607 3442 6381 3307 5300 7277 3936
10 5497 8878 857 5519 6240 9767 7781 3094 3456 8364
17 2735 9084 672 6822 549 9109 2305 9419 8298 7933 6156 8428 1395 3551 4082 3206 143
20 7429 5693 1305 9563 4742 6277 5717 3054 9537 7730 3648 5702 2841 7566 6488 7132 1183 124 1174 7390
19 5192 3055 1097 4601 9003 8731 713 5934 7922 9062 6163 6932 4019 5587 4621 1446 1906 5412 7261
10 2015 9054 352 6103 6301 5379 28 2785 4650 1987
18 700 423 8518 1273 2883 6541 6034 7246 2160 8970 967 5094 5801 153 8015 7839 5840 3491
17 9514 2720 7861 3090 6815 1233 9951 6856 5375 2884 2966 3155 9379 8540 3237 1483 3033
12 6901 7070 4679 7113 3227 3905 6775 8383 3078 5000 8946 4600
14 5445 3817 9305 5324 8708 9925 6181 6743 3186 7354 9961 7767 9099 4324
19 4059 1867 4758 2917 7561 1430 3940 9165 4477 6751 7624 6824 7094 8153 9181 441 3558 9417 7223
12 1138 6706 769 4071 563 6248 7770 1790 8895 4301 9760 7621
6 311 9478 1198 4086 7909 8501
18 7957 3549 3167 4196 3594 4205 8973 9972 2076 5238 230 4651 9758 9142 6666 9895 9253 1173
19 519 606 7499 9409 5890 4807 6475 6173 9481 8610 508 1947 6234 53 3419 1056 1894 5788 3569
16 1776 8950 789 8784 2382 241 8854 2033 6009 9392 3085 9542 581 3074 3927 5828
15 6663 5235 9733 3384 135 1863 4615 4503 6832 1117 5105 21 1061 1225 1212
11 9679 768 6740 364 5394 5211 6339 7582 5796 9399 532
8 5860 8670 5350 7328 5270 5832 5842 1452
6 8758 5875 2523 9030 9954 8235
18 6916 8395 6794 7116 1970 6398 3732 9033 2613 8597 514 8218 8108 2506 5072 8569 9312 5665
8 9888 6807 6831 5856 975 1627 8353 4027
8 2316 9121 3438 2789 6528 6661 9932 6111
4 2061 3647 8513 7061
15 5086 4948 7373 8379 6719 9151 7501 4608 1411 5102 2344 4459 1740 525 2746
7 4058 2384 1444 1806 5416 2334 4022
12 4618 5341 8213 2641 9412 3381 9021 2553 868 4341 2363 3819
9 7929 741 6502 5744 150 846 1647 1693 7110
18 7401 8675 3546 6110 2957 4826 354 6101 8273 7191 643 6593 8780 1748 2863 1736 2249 1285
7 4855 9140 2418 7124 1214 9332 6890
19 273 9325 7849 5743 6200 7196 3338 7808 7691 1716 2630 5314 6083 547 3234 9269 5575 1136 5524
20 3444 5769 4495 1228 3208 9602 8146 6076 5426 1211 546 2906 1820 1075 5943 1358 654 781 4108 8874
18 8703 1528 2327 5572 2657 1503 3740 6274 6589 2406 2875 5372 395 366 3902 5687 2258 1659
19 117 8329 3655 7082 6053 7226 4016 6425 3636 4607 8761 826 7142 4845 6617 1351 7175 1730 9606
10 7913 3986 7894 2179 4856 3689 7447 2027 3223 9999
16 6695 3743 8189 3758 428 6430 7097 5156 8530 5534 8661 8345 6612 6310 1462 3861
17 7040 3564 3697 6329 8104 6875 7876 2212 2498 9378 6459 8969 2433 7800 1974 3662 3324
16 3855 8271 3540 9685 3430 1904 9199 1256 4300 4623 9754 9919 8495 7752 7855 1694
15 3371 2278 7287 1697 6409 3795 7438 233 7610 5804 8544 8068 8006 8221 7185
17 9675 6965 5237 3426 7867 8118 5043 4130 4398 2921 4470 576 6696 5470 2029 6233 1507
19 6198 9581 3245 1773 8588 6703 9180 4585 9710 5045 1896 9701 1069 6056 8307 7024 1329 8409 3063
9 9449 1048 9837 4114 4487 3013 9966 5325 5745
10 4307 8509 8711 7259 9643 7106 3242 7032 6084 9465
17 375 6160 658 5487 1276 5955 2741 5409 843 8296 3570 3404 8649 5357 6555 7670 9573
17 1040 4475 2538 457 2881 8772 9620 6491 8645 1368 8627 6785 6846 9218 3670 1760 9854
15 222 6633 3138 1054 4405 5054 6739 9064 8806 3839 1459 5550 959 8253 6152
6 1005 9979 7612 9851 9927 8139
9 9550 9482 3210 1787 8494 26 8680 605 8700
16 3555 219 1609 4233 601 982 2409 4862 8665 2043 9667 5154 8031 8299 4210 4191
8 1135 8976 5180 4290 7402 3832 9664 4492
15 3578 2440 656 3057 552 7245 8827 286 2842 8511 2268 2595 7583 6314 6976
11 5424 5902 1838 699 5189 6338 3614 9258 1238 7054 2169
10 4894 489 666 412 6866 3115 2340 974 9522 3771
8 920 9207 7810 661 3083 164 3818 2053
20 9799 2429 1784 8739 2973 4920 9457 5674 5642 4595 8687 3258 8491 3285 953 4122 6687 8365 3084 8850
18 2559 3239 3333 6199 2626 6942 935 5913 2673 4256 9962 2565 7689 5767 2443 3283 2267 1881
7 961 9291 8029 4863 4011 8389 630
13 372 5222 6849 2963 1313 9297 7874 8192 3979 7520 7371 2030 5286
17 7952 1227 7451 9890 6023 6967 8300 254 6416 8603 5462 695 4543 7385 6988 229 8572
9 3654 3776 518 6578 129 149 8972 8900 2926
17 24 61 1194 7631 9680 4602 6886 9209 5557 4944 1179 1960 9534 5421 450 4501 4557
20 2869 2941 8149 7210 7249 9640 6340 7276 704 6956 4119 1779 121 9592 958 9697 3387 3081 3504 1680
19 8962 8420 1447 9544 1218 2537 5135 8882 9265 6367 2948 8312 6235 6486 2242 8778 1574 6487 2163
17 4637 2531 8158 8073 6454 5650 6512 3623 3829 3429 4584 5734 4978 8997 2358 5456 5333
9 4150 4644 2938 1656 4582 9091 3379 5742 5988
9 6115 6321 5313 7018 5728 2965 5118 7105 410
7 3988 7227 3955 4765 570 2342 8124
8 5885 2986 2176 5681 2733 8305 1156 7593
17 541 3692 2296 9452 9845 640 381 3270 611 7209 3232 5344 2837 684 8234 3716 4922
17 4143 9020 7435 2928 1186 4657 6000 3775 2126 9458 3609 9687 1819 3595 7095 7264 8022
15 6228 1879 1605 5746 5307 9100 2240 2192 408 6953 3137 1229 8197 2022 7589
7 622 3575 2511 306 8663 9217 9931
15 1833 8520 3409 7585 7382 5503 6825 8413 1259 7620 8881 1289 609 2858 7058
17 6961 8587 190 2123 409 4396 4485 9842 4605 7761 3930 3432 8692 1572 8522 9615 747
20 29 610 3236 3196 8328 3557 2896 3802 7135 5941 2315 4406 9229 1034 5420 973 5319 6295 1347 5272
11 1664 1993 7198 5721 9579 1660 5995 8148 9420 8027 3341
8 55 3008 7293 1874 7599 594 8753 3302
9 9523 1563 4221 5670 6142 139 4252 571 3637
7 9216 8698 2536 7804 7854 5084 6766
17 9283 7318 7891 5377 6402 4786 2128 2924 7812 777 8916 5117 4442 8567 7029 6194 479
7 4842 4066 9649 200 4973 7534 6544
8 2576 9626 9935 6377 8875 478 5110 6330
17 4346 1815 2424 5332 4034 1523 8984 8214 8159 6681 9230 5247 7842 1486 2371 6723 2878
18 1888 9698 3596 5112 4833 7243 7934 9341 9576 5014 9612 5608 2796 5073 8887 192 4671 7519
19 734 4984 8425 842 4661 6125 7682 7636 244 5844 5835 5099 9157 5768 42 3503 3526 5884 6889
17 3149 3025 8564 9996 9965 4299 4029 7840 7665 2174 5878 8366 9780 2721 3000 2097 4783
20 7119 4536 1630 7428 9869 9164 922 1557 4643 2260 3465 9624 5635 7659 8738 9448 2454 8417 1577 7739
12 4214 3049 5654 5369 1240 6012 9702 6771 2235 2753 2054 1855
13 7862 1489 3947 6836 3047 1222 7203 9948 7169 4528 8828 9883 706
19 157 4098 7156 6877 1564 3972 1667 9832 5422 1232 8742 907 6800 6140 4547 9148 5414 2650 7954
6 297 2313 5727 2736 9271 8762
8 1978 7716 6431 9350 7706 7168 2816 4662
16 3103 6780 7180 6168 9805 57 4411 3121 490 3661 8729 7974 5257 3943 3301 5037
19 2912 1794 7993 8548 7446 448 3112 4372 4007 2732 6896 1051 3750 1308 4747 276 3878 2481 5776
17 3281 1332 4208 1984 7927 2056 267 2653 7150 2264 1612 4533 4626 8810 6230 4991 4757
17 5716 394 7129 1030 1804 6842 5287 9364 403 674 8058 4456 2125 5597 471 7181 182
18 957 2324 4781 8774 2495 3073 9345 5351 6538 5690 4776 2468 3847 9848 9958 6490 5010 7951
8 6724 2297 1320 9783 7853 6847 2728 7688
17 445 9820 3640 1625 3375 7494 2919 772 2187 2386 1098 1302 6386 2563 6318 8704 5555
6 3693 5991 2672 8592 653 7441
19 2020 4056 3276 1734 3821 7884 7535 1168 8981 9639 4498 9368 235 909 6522 5274 8392 7845 1708
17 2008 4873 4885 9306 8902 780 266 9742 7516 9882 2882 2633 7062 806 9862 5098 7257
19 8406 2828 1384 9246 9813 3108 5779 6078 7595 5803 2558 5123 6838 6406 3392 322 2943 3087 1076
18 5598 6767 5387 206 119 4782 1102 3793 3165 7081 9299 3428 4518 3010 1901 2876 748 2508
19 3030 696 1372 5060 1010 9485 7323 1324 7912 5701 2121 9844 8051 9583 2148 6027 3545 1764 784
6 3471 8965 9366 2532 6600 9719
15 7141 6269 817 5393 9627 4228 5495 6313 8094 8228 2362 5909 2567 5968 7641
16 8102 8020 4194 5686 5830 4063 1062 7778 5031 5041 8764 8775 8270 7408 6792 3289
20 8840 7188 5615 2426 6765 951 2776 3194 3181 6930 215 5133 678 3473 4454 5195 5741 6315 1258 5672
13 585 7711 3865 7870 5158 9118 2059 8116 6213 8909 4089 2388 1555
11 268 7846 8832 718 4830 380 5622 6197 6904 3225 2902
18 1353 5227 4223 5541 7193 1684 1250 3482 7315 9964 7407 8064 4919 201 2555 2493 5119 8499
17 5406 6418 3197 2512 248 439 5477 8176 3290 294 8244 8481 3592 9998 1624 205 6354
18 8342 6913 3849 5748 1580 9871 8368 691 9655 5514 5134 4340 1814 9957 4684 5930 1249 3745
9 5649 4921 3031 5373 1905 7708 7832 3158 9601
17 7640 554 2233 945 530 6360 4064 2518 8035 2304 4784 2040 1695 3389 3926 5331 3528
19 583 6607 8458 1689 6741 4673 4376 1106 7232 2434 3974 1297 612 2051 7672 3982 185 5707 1216
8 8204 6912 5005 8004 9843 3820 5505 5960
19 1735 7455 7357 4980 5757 9681 9035 7010 1521 9516 2035 5708 536 2804 614 1435 1982 5877 4484
15 5304 6843 2942 5466 7580 3398 9429 9737 5260 7275 7483 3282 4754 6667 1713
8 4829 4358 2636 5019 7886 1611 2617 5111
19 5381 7064 7704 1588 5090 8637 4914 9065 5263 1859 2525 4989 9741 6104 7898 1383 3954 1437 8789
15 8559 3579 6804 98 3414 4035 5838 1143 6798 5956 6204 8927 2038 1333 2664
13 1269 8449 6711 7666 992 7342 1331 1746 9234 3757 8911 2486 6616
15 6039 1245 9761 8403 3798 8500 9438 1197 4038 7935 7529 3352 1025 5339 4321
6 3457 8783 1192 1763 2155 5549
18 8728 477 9052 3129 3585 8042 6216 4713 1725 6865 2958 9208 3610 1420 3277 8986 7192 6539
16 4687 1113 9087 7637 7698 8768 4966 709 1985 886 7573 6114 7798 7377 1936 7878
17 580 7398 4635 7255 9743 7668 6526 66 7513 5074 1911 9085 5259 1116 3244 9786 7825
16 6649 5027 7320 9255 8536 6029 5656 1733 9678 6346 2404 7715 6733 4025 9489 5669
17 4788 3257 4112 6186 6729 1553 5994 3099 4828 4892 4263 4647 2685 1654 3023 8818 7349
13 5161 7864 902 4761 4291 6523 5279 8968 850 6869 9308 5791 3836
14 6456 567 7512 7768 8803 615 4403 8037 8951 2115 7613 4175 9437 1732
17 8179 9046 1651 8254 1994 5036 6809 1644 9641 883 4773 3963 4096 2851 1268 7244 7623
17 6952 9347 2293 8915 3816 5678 146 7515 5915 2246 1255 4473 8621 1782 5645 4488 6278
9 7877 3147 3027 6604 4982 9653 2772 8744 9887
16 7799 9090 9874 6742 8989 4481 2927 4555 74 1561 6106 1638 7917 336 418 8543
7 8184 284 8868 4938 9872 3760 7813
15 6424 19 6884 3833 5917 7663 3117 5457 5116 578 7288 3011 787 8215 6227
15 5245 3976 9144 2999 292 7988 6907 5564 5824 7866 7755 2282 6588 1616 3890
5 7468 3296 4952 9115 971
16 1866 1637 6924 9385 4297 9738 6966 1352 1436 4798 2359 3962 1187 3214 2873 1244
2 8578 9287
19 9901 6404 6752 9806 4225 9562 4410 1963 4344 4400 6443 2901 8136 8475 1322 5980 3431 3132 8716
20 7911 6485 4414 1002 2291 560 4756 5847 6460 1692 1292 2345 3323 4809 386 7721 9591 9126 9443 3950
15 9411 6150 4848 32 9610 5799 415 5684 6808 6678 467 8689 7753 7992 8964
16 4882 1170 5510 565 6220 6356 9182 4880 1104 9441 2766 3509 2978 752 6545 5775
15 7229 1512 5034 7102 2000 8804 1738 5603 7197 7949 1688 2546 6226 8971 5987
7 2774 8736 2335 2717 9763 5676 8423
17 9187 7028 2742 199 1550 2686 853 2706 9836 369 2612 1979 8140 9318 6229 7242 9532
8 4586 9405 6558 9469 6128 5711 1309 3086
19 6694 6123 3029 1326 1843 5428 3366 4441 711 2374 3811 3714 6714 3980 6224 1623 3383 925 1929
18 9670 9920 6296 8434 4558 9492 8831 9394 8869 5033 365 7749 6726 243 9798 2895 5774 7487
16 2944 2436 6410 8614 4666 4872 353 7503 454 9006 2175 6505 3917 7332 54 9472
13 6361 1013 4164 9252 8401 4634 3673 3339 1468 3577 9865 207 3153
5 3321 875 4925 5190 5438
9 113 2738 2788 4467 6286 4579 9032 504 3985
17 3168 109 513 8338 8521 4404 849 6927 6374 5792 7498 3305 6157 2844 6400 1927 8230
19 1724 3148 3160 9320 6255 1260 7174 2180 2857 9222 5451 7592 281 1464 1953 2336 1950 8255 4416
15 5402 2026 8198 989 7737 9564 4744 2248 8416 2808 5097 4468 6509 1928 5264
14 6900 7186 9402 6164 5562 2110 6579 8266 1016 7507 940 7258 6577 4599
16 2507 8302 315 4705 3554 5012 9179 425 5076 8662 7940 4457 7201 3337 4239 1006
19 5343 5948 1635 277 1221 5303 4593 3439 9912 9264 6915 8186 1714 3399 1719 1548 2226 3427 4545
16 3667 8290 7314 6327 4450 1325 40 1872 6297 7754 2437 4464 5778 3920 4923 2579
18 7088 9191 5089 1518 9657 5620 3433 7882 1509 6062 6081 6880 2561 7788 9250 5346 1107 8625
17 6044 7889 9401 3830 3605 507 9833 524 5567 8293 5016 2204 1933 7584 1696 7979 6260
8 3410 5358 7546 7572 4137 4704 8194 1817
5 5881 7325 5355 5918 2625
12 8086 8459 8207 4028 7883 529 161 2810 388 2343 6779 1626
8 7709 7471 3334 9586 3842 572 4819 6610
7 8787 7230 368 4152 8048 1385 4116
16 6656 726 8370 9944 2605 3493 2105 1700 3981 4163 9849 7497 4333 1919 6624 3322
6 5971 9473 4084 854 1399 4811
16 6662 8629 3017 3325 9819 5170 3759 9604 2527 890 6683 3075 3561 6130 738 4192
14 6529 1090 3989 7554 3319 6480 952 7746 105 3507 2693 4272 9616 226
7 1883 7346 4351 1094 619 7771 4542
3 3708 208 4887
17 7140 6493 5006 802 6392 6652 6336 3970 7745 979 2557 5664 5475 9212 220 2255 1038
5 8227 7031 9059 8349 9380
13 4877 5491 482 9002 6119 2119 8303 1533 5568 5677 1829 6300 8332
9 2589 1323 3170 9316 7465 7442 1079 751 5982
15 6654 2711 95 5719 1729 8151 9159 8560 9553 6684 4715 9755 6935 4755 8677
17 6189 9852 4455 608 9628 290 4409 9037 646 7769 6793 894 7904 9384 1786 3684 4095
7 1414 1024 2975 839 9483 5974 3458
17 3527 9274 7086 3783 9127 9923 7456 8990 6283 3247 2400 7944 999 7720 4900 3911 2208
12 9166 4437 47 8079 5433 1294 3062 4117 1045 862 1844 1086
15 2603 3951 1121 8419 7690 4854 5724 3896 2122 8857 8963 2063 9231 1706 9398
9 6139 4693 1778 7071 4936 1744 2347 7089 3349
16 8489 2106 212 8681 6601 2930 7777 4326 5221 3421 9659 5353 2582 5177 4926 4103
12 8630 8848 8462 3602 7567 3680 2663 2314 2977 538 17 9868
8 5218 6658 9267 4246 1175 8609 3904 4588
14 1407 4648 6003 6985 102 9505 5008 636 5481 6728 6436 8166 2750 1858
17 3918 2791 1267 3114 2797 993 4045 821 8807 5039 7016 2197 4674 1890 8002 4271 2865
9 8932 328 3786 9549 7685 1355 708 6946 5903
16 3249 9974 7379 5352 6647 7309 7066 5219 4211 1461 7178 1296 4567 731 195 9013
8 7687 1803 1988 2478 4614 6990 4771 2427
4 1492 3202 51 9536
13 3005 1100 3068 3966 3370 6357 2171 8160 880 6306 8141 2469 7161
13 3294 2357 502 7236 2916 9130 6630 7176 698 8344 103 888 9525
15 6745 4003 4629 7457 1110 7697 7361 8097 1071 9029 613 5157 7820 4732 302
7 2166 5818 7975 3058 665 3537 2660
16 7114 2748 2566 3566 7152 895 6196 6270 6597 379 6495 3142 6014 9791 7559 6870
13 7108 1949 4652 908 4802 4675 4893 4562 213 9086 1164 8839 7539
17 8557 9768 8309 9705 5182 2745 990 3524 7762 7822 9056 9480 3152 8442 9597 3485 995
13 8484 2838 965 8795 4139 6013 4879 8638 6974 6830 6773 5561 3523
18 8024 2714 8440 3875 7190 2041 2952 2377 7466 7907 5101 819 793 6055 1648 1661 2795 4474
13 1438 4352 5815 2771 2661 7941 252 9357 7037 7221 163 8815 7809
5 6135 4910 1628 8940 3539
5 9406 9459 3179 4298 2117
13 3651 7372 3739 39 2368 930 1810 3182 9083 171 9193 4737 44
6 3358 6590 3448 5203 1083 939
13 4583 7792 6413 2981 2898 3498 8904 776 6810 5364 495 4898 4538
11 9864 4733 3565 3420 7364 1443 9408 6094 6184 7718 8422
4 1406 2642 2573 6291
4 7948 3563 7126 1080
12 5808 1251 6536 6293 4792 4696 4356 249 4433 1818 7233 6010
15 5213 1973 4366 7278 2802 5374 5298 2373 7796 1822 238 3150 6086 132 573
16 4387 3541 956 3199 3938 374 5951 1299 6345 8550 4964 2325 8931 4097 2158 2223
14 7020 9926 7380 3119 1496 7732 7411 1169 3098 6038 414 2367 3889 4931
11 3311 8224 6634 7019 4123 7344 7387 4552 7326 7819 9824
16 3826 3910 1500 8187 422 660 531 2852 7643 5619 1531 2621 1590 4176 291 8497
13 8262 2422 326 8285 1346 5405 2173 9539 6167 6281 3455 3897 2820
17 739 4170 825 2077 2217 3746 9101 3261 7274 8026 9584 3308 4212 6995 8714 5354 9476
17 5858 166 1995 3263 3477 7448 6359 6161 5770 9074 1679 7076 9708 1621 5392 9794 7348
14 3990 3188 6021 4493 8421 4274 8220 6243 8125 4669 2354 2752 9599 8301
12 1860 4935 4686 3615 3038 3169 6659 3782 6515 9750 7241 4005
16 9463 4255 782 100 444 4415 2989 4314 6036 3948 3674 8387 8676 8859 1526 8710
7 4428 7779 6325 7405 6289 2487 8948
4 7329 3717 3051 2591
16 2079 6239 9104 9450 152 2997 494 2979 659 8650 2364 9943 2237 5463 7 6586
13 9985 9654 2140 4024 8860 1768 3624 7817 3241 5249 4222 5149 9756
17 4260 1363 1986 2470 2954 8486 7301 9496 6674 7872 2137 6823 9162 1824 6675 8712 5841
15 8209 7406 6645 867 4594 9980 2874 7222 9163 77 3856 5002 6079 1360 2070
7 4706 3601 3462 506 3721 5124 9377
5 8055 5983 9745 5461 1558
12 3608 3770 9272 9424 6962 6444 4190 859 7400 6500 416 6355
17 4546 1674 2539 5347 7787 4587 7211 7479 7562 5323 1166 9479 4073 539 8076 954 7756
16 9128 6206 7000 3915 9042 4957 9242 4227 4699 118 8793 7063 6347 4513 8561 9921
13 5113 8715 8573 4048 6566 8099 4539 37 5577 7388 5936 8633 8046
13 627 2681 3632 378 3663 8546 2645 2370 6619 736 9674 8336 4178
17 4959 1142 9464 2570 617 2602 1942 3799 3231 7231 5171 9732 2868 5363 7828 7481 9759
15 1593 9595 41 3445 7263 4384 5962 9963 9812 2065 912 2749 3769 2824 4401
19 7553 5636 7172 6615 169 300 5695 3451 4497 1455 9440 9248 9302 5385 7189 4460 5625 9488 5432
6 6457 3291 9295 3525 8202 3886
14 9137 481 2425 9613 9273 46 8324 1943 3372 7262 7538 4237 1035 307
14 8376 9282 2216 6567 2984 7282 2011 7729 9975 6047 2139 242 1882 1878
12 8586 4207 1601 5234 1910 8937 81 5914 9170 5850 2069 8949
11 8435 9559 4285 5892 596 1797 4065 3178 8845 5401 8330
17 4511 1869 1830 2338 3502 3701 6643 1429 8746 255 356 2719 1155 3407 1085 9069 2853
13 2006 4836 881 85 9381 5382 4638 8974 4312 9877 625 2002 5784
7 6747 7355 1058 9470 7978 5607 8036
17 5990 8574 5957 8093 8955 3082 2290 1458 847 3752 11 2218 6117 7969 5696 9119 7173
15 8021 874 2036 7710 3190 7856 3909 1891 5062 6680 5139 2994 6891 9423 8196
13 2899 5996 6718 6316 6182 2473 3901 2515 6319 72 8476 4419 1542
13 4537 4421 6550 2132 9889 9566 8659 1603 6391 7345 3713 664 1726
6 864 9487 9353 9617 7684 1344
15 5359 7574 4875 9527 9546 5088 9809 2680 2025 9324 1934 257 9509 4448 4972
13 6735 1908 3220 6893 7068 2330 1203 5140 7743 6774 914 6948 923
5 8699 6265 4520 9076 9530
4 7575 6510 5022 6768
14 7104 2118 5712 3022 8615 4070 8705 5122 4881 5925 4631 9389 8201 9531
14 400 9666 2399 9575 6537 1595 2477 938 130 3356 5284 8304 6124 3711
13 8323 442 6984 7337 9156 2270 7014 350 2535 6397 4993 3344 5542
8 8566 4717 2739 6154 8966 2475 5493 8913
14 3104 5516 4107 5756 330 4541 7679 7194 9322 3256 1749 6249 7518 3464
15 6851 6473 8823 2600 7548 6657 3499 6178 1448 4055 5191 1976 5950 1615 4193
15 1852 4109 5566 4806 8367 1631 2652 7216 106 9027 5329 6146 2522 3336 7157
14 8792 3066 9634 7477 5679 137 1876 304 4368 8381 2494 7973 5916 9339
14 271 9105 2577 645 9177 8617 9268 7508 8562 1924 3568 1618 3801 3020
15 2784 6450 7492 9135 1587 2640 3952 7187 2534 4550 6945 528 3076 6867 7989
14 3459 4502 168 9815 9804 2648 3173 3007 3854 9155 3359 1262 1375 2968
14 3329 8157 1777 8747 761 671 1886 595 8809 7305 936 5986 8863 750
16 9691 245 7312 2245 1460 5837 1453 9388 816 5999 3449 7786 2871 858 5588 6417
13 2520 435 9477 5187 1487 8510 1466 7680 7368 8281 4500 36 3698
5 8426 5425 69 476 4476
15 8713 8448 3036 2585 141 4930 8938 9089 1541 2191 7012 2701 7038 3350 1658
14 7319 5920 5621 1046 5069 1239 9645 7924 808 5959 5026 9541 9663 4640
14 3067 5887 5627 2178 1109 4331 7080 1008 3874 3977 4997 78 3613 4218
13 5500 6058 9071 6066 461 9284 7143 6363 4688 184 3956 6918 6761
15 5698 2649 933 5861 8506 4491 6179 7726 586 3501 7462 8935 5705 1172 9891
6 2915 977 9251 1274 9178 1293
14 3424 3603 6575 6698 4636 2206 1393 9724 3846 4316 7454 262 3125 8377
15 7677 4794 3411 8085 1913 7847 1281 6762 6251 1188 8721 5216 5419 2257 6022
16 8277 6245 8155 1845 7162 767 2972 1096 8339 9644 1236 4382 1026 8526 5618 9058
17 8979 8410 498 9751 5241 8523 1182 6331 6882 7145 2909 8169 8669 3660 4578 2929 7053
12 3891 720 5017 3453 5866 1152 5579 6716 2288 8846 4015 4142
8 499 1416 1832 5258 7121 1851 632 2890
15 3572 8351 9757 2967 9190 2323 4371 2667 6082 8533 6211 4946 6388 2202 1410
13 4200 2783 5662 4764 1902 715 9082 4824 3039 6187 9331 631 5266
14 892 533 8219 6446 1835 9171 2831 97 8998 4012 4768 8755 5979 1093
7 5710 1640 511 8445 5660 3102 1880
14 6068 4630 3544 1215 4099 2505 6737 4722 8109 1317 3959 5595 2666 3189
3 8967 5989 4577
8 8447 3475 9289 1977 3326 9632 52 492
16 1530 3403 419 7994 8110 6280 9475 8164 485 4800 6712 4912 855 4438 8885 8269
16 2143 7430 8682 3789 6222 9729 3731 8105 6682 5384 2189 6637 393 9088 1153 2225
13 6786 2031 2167 4990 6380 1338 7474 6134 9221 836 4023 5912 9206
16 3024 9830 6749 4115 2464 6648 1081 1937 5155 67 8906 5739 470 3001 9726 3941
15 6155 2198 2442 92 3993 9375 1476 3895 9073 2086 3761 6679 4188 8528 2615
17 3176 5554 2992 9538 6244 9897 8263 3843 2407 4033 8074 1519 6754 8478 9034 7304 8921
14 9495 4624 4720 4141 4245 1884 559 3315 4244 8288 5640 7930 6691 7358
14 6304 3105 1491 5107 9497 2220 8033 1504 2023 1772 5589 3109 6499 2326
17 6004 5732 3191 8856 4544 7785 6247 3685 716 544 6905 6447 3300 556 1703 1691 4124
14 5517 8348 4355 3434 5100 3450 8883 7918 8958 8565 6543 2389 9201 3346
17 7224 5626 1792 6026 1537 9647 2045 1791 202 3070 6171 1743 4974 7932 3198 1091 4726
15 6159 2904 9524 2825 8529 8259 1415 189 4074 6769 2769 8473 8623 4402 1575
11 2230 6420 8554 753 633 9186 5396 2936 3059 4751 6828
8 9503 4153 832 8191 4986 2556 949 1159
13 8892 4088 2333 9276 5082 2790 459 397 4853 4559 4427 7526 976
7 873 3195 6175 4945 6623 8908 562
6 6455 8786 4613 1146 5467 8957
13 8978 6756 1206 2467 4937 4085 2309 8811 6530 3844 8443 1808 5825
3 1421 8088 4812
5 3461 318 7092 8306 6285
6 8203 9631 8188 127 7096 2866
11 3773 4349 7579 2207 7256 1023 6790 3376 3642 5873 1157
12 4575 9045 5602 2352 1968 8272 9928 4971 5526 5630 1073 2445
12 5049 4940 1745 9858 4213 6727 1715 8961 1964 3700 7997 165
4 9556 1200 4250 5091
12 4184 2497 6638 4639 4709 8843 8926 1499 4620 4000 7844 6453
4 5480 7084 7980 5531
5 7347 2003 6611 6524 8069
15 8274 1 1685 607 3215 7043 8695 3946 8103 8743 6353 4681 420 3804 5275
12 5954 9744 3050 5291 8237 6868 5083 6423 1682 3330 2010 4719
16 6669 3512 1111 6498 2250 8585 2164 2547 3496 8646 4235 3635 3567 3730 6351 142
14 3368 950 984 2482 9262 7532 4884 275 4899 1029 9727 7995 6827 8276
15 209 8059 8112 942 5366 4965 4714 1248 1389 754 274 9428 5320 7295 5423
13 1524 9633 986 2781 9410 2360 9077 8871 1125 5326 6145 270 6185
12 2401 9769 1723 7662 8667 8407 2156 4701 7651 2024 5215 4818
4 3362 9293 2127 5886
14 3092 1223 3885 3542 6705 348 871 2702 5268 3045 1566 5506 1011 2620
10 6208 8991 5371 1907 5556 5529 3413 1007 3440 2658
12 493 2856 6352 9138 5437 5021 3691 1875 384 5893 2182 2704
16 6951 6903 9712 2543 2969 2395 7805 7370 7727 4590 9955 1277 361 6464 5726 8802
12 2455 1201 6305 9731 6587 7629 3657 9652 670 4692 735 9723
13 7638 7683 1634 7239 5001 7724 9001 3079 1946 9683 5736 446 7338
13 3396 8835 4658 5628 1412 3867 5910 9822 5302 5786 2894 3246 6011
13 6307 5663 8995 1263 7811 5452 4046 929 5004 3447 8061 9211 5078
10 2147 6474 4913 8257 6268 8111 8172 8461 2953 2530
15 5295 8464 2651 8173 8485 8542 4449 319 2607 2452 6697 4745 362 1478 9885
14 3354 1252 6764 3418 7633 5764 4561 4564 3924 6622 1670 3630 4817 5606
16 3317 7602 9511 8791 7686 3124 8800 4397 9593 809 4963 8920 3412 7238 1404 1552
17 6192 4703 6563 313 475 6089 3949 396 9028 5176 9908 3536 6396 4165 4216 764 9391
17 697 9382 8796 3879 5853 1181 9070 4278 7542 2631 1130 7615 5789 5961 3048 6934 623
16 9012 417 7628 2799 4645 8595 120 178 2052 4569 9571 9239 7313 1925 4678 2188
14 5214 9947 2639 3530 6910 2057 5301 4851 3201 1753 1291 7976 8084 8053
14 5771 4202 1873 3026 2075 6850 3621 7383 4915 5805 8286 6568 603 2529
14 3510 1508 3778 7916 9263 9075 9950 7167 9143 7806 1337 6542 9049 1327
14 2074 5829 1386 1272 2937 5050 8014 1391 9911 9994 8107 7571 8340 3755
16 1959 2112 6399 7558 115 4270 7604 8691 7998 8289 1720 3235 7723 5175 1540 8837
14 7648 1527 2060 3435 6484 8493 9132 5310 509 3293 1283 8165 160 3934
15 5540 655 2787 9158 2044 5160 5009 3997 7414 3127 2034 9826 4032 9967 8611
6 1208 2186 8829 5754 4275 4374
10 1177 9286 7464 6292 5532 5104 9716 4265 8280 79
14 7248 7085 9795 5267 2355 7392 5725 5278 8242 8532 9501 8405 8777 6467
16 1955 3866 5699 5240 1441 91 177 3785 8018 1643 5610 7488 8013 6037 1205 6419
11 2782 3840 7434 4101 4318 6989 3532 8798 3230 4680 6964
14 9543 5511 3116 2209 9195 2095 6344 1591 2700 5747 5468 3318 1089 4483
15 128 9696 5601 6639 4327 9288 3228 4857 2931 1649 6105 5570 451 4215 8131
15 9078 172 3666 8575 649 8851 1431 7363 7560 7100 2911 3452 6992 8012 8217
3 2718 8880 4760
9 332 5593 3646 7316 7971 5651 2308 5946 8333
12 2690 8653 4953 7901 1676 3476 3547 8126 866 983 8907 8723
11 6202 6818 3906 6141 4656 8034 7386 8245 5919 9413 2055
14 5025 9735 2480 5400 382 7926 9298 5582 4486 2945 9351 7160 9323 4509
13 4815 5285 856 1369 4888 9228 2760 1428 2859 985 968 4961 5030
15 4867 5120 2982 2181 1762 8876 6407 1583 4330 6820 434 8060 743 1131 3809
15 5205 830 9512 7816 6672 4617 7271 4734 6253 5527 4168 5512 4240 3884 5454
8 6879 8373 1539 7865 7046 1990 4118 5571
13 2780 9116 5453 1721 969 4105 6452 6861 5785 9739 75 6371 4622
15 5535 5777 2635 4021 8030 3122 1004 7830 6223 5992 9533 8199 4517 8905 1636
4 4507 2654 9133 23
10 4665 210 35 5169 7794 8316 1417 7987 4625 4469
15 3991 8766 3807 7208 6584 8504 542 6883 9607 6231 9978 7590 6632 8558 4186
12 8346 3921 5783 7034 8652 3393 8101 4472 3967 453 7646 180
13 8040 3583 5539 6580 1686 5356 8987 2104 8017 1567 6860 6878 7826
13 4154 7557 2551 5228 5584 4749 5632 7564 4236 30 9358 9431 5144
13 5507 5816 5212 6814 2665 9570 4834 2048 4106 7547 261 2099 8825
16 8382 4050 8128 9949 1422 876 4858 4159 6389 8741 5061 5722 2283 1092 4425 7625
12 4080 3490 8816 5952 7642 2394 3597 134 7734 1622 3497 3643
